[debug] [2025-02-05T06:10:26.273Z] ----------------------------------------------------------------------
[debug] [2025-02-05T06:10:26.274Z] Command:       C:\Program Files\nodejs\node.exe C:\Users\Varshit\AppData\Roaming\npm\node_modules\firebase-tools\lib\bin\firebase.js init
[debug] [2025-02-05T06:10:26.275Z] CLI Version:   13.30.0
[debug] [2025-02-05T06:10:26.275Z] Platform:      win32
[debug] [2025-02-05T06:10:26.275Z] Node Version:  v18.20.4
[debug] [2025-02-05T06:10:26.276Z] Time:          Wed Feb 05 2025 11:40:26 GMT+0530 (India Standard Time)
[debug] [2025-02-05T06:10:26.276Z] ----------------------------------------------------------------------
[debug] 
[debug] [2025-02-05T06:10:26.279Z] >>> [apiv2][query] GET https://firebase-public.firebaseio.com/cli.json [none]
[debug] [2025-02-05T06:10:26.313Z] > command requires scopes: ["email","openid","https://www.googleapis.com/auth/cloudplatformprojects.readonly","https://www.googleapis.com/auth/firebase","https://www.googleapis.com/auth/cloud-platform"]
[debug] [2025-02-05T06:10:26.313Z] > authorizing via signed-in user (standardmerchant466@gmail.com)
[info] 
     ######## #### ########  ######## ########     ###     ######  ########
     ##        ##  ##     ## ##       ##     ##  ##   ##  ##       ##
     ######    ##  ########  ######   ########  #########  ######  ######
     ##        ##  ##    ##  ##       ##     ## ##     ##       ## ##
     ##       #### ##     ## ######## ########  ##     ##  ######  ########

You're about to initialize a Firebase project in this directory:

  C:\Users\Varshit\OneDrive\Desktop\Jewelry_Inventory_System (3)\Jewelry_Inventory_System

[debug] [2025-02-05T06:10:28.105Z] <<< [apiv2][status] GET https://firebase-public.firebaseio.com/cli.json 200
[debug] [2025-02-05T06:10:28.105Z] <<< [apiv2][body] GET https://firebase-public.firebaseio.com/cli.json {"cloudBuildErrorAfter":1594252800000,"cloudBuildWarnAfter":1590019200000,"defaultNode10After":1594252800000,"minVersion":"3.0.5","node8DeploysDisabledAfter":1613390400000,"node8RuntimeDisabledAfter":1615809600000,"node8WarnAfter":1600128000000}
[info] 
=== Project Setup
[info] 
[info] First, let's associate this project directory with a Firebase project.
[info] You can create multiple project aliases by running firebase use --add, 
[info] but for now we'll just set up a default project.
[info] 
[debug] [2025-02-05T06:11:54.423Z] Checked if tokens are valid: false, expires at: 1733417765054
[debug] [2025-02-05T06:11:54.424Z] Checked if tokens are valid: false, expires at: 1733417765054
[debug] [2025-02-05T06:11:54.424Z] > refreshing access token with scopes: []
[debug] [2025-02-05T06:11:54.425Z] >>> [apiv2][query] POST https://www.googleapis.com/oauth2/v3/token [none]
[debug] [2025-02-05T06:11:54.425Z] >>> [apiv2][body] POST https://www.googleapis.com/oauth2/v3/token [omitted]
[debug] [2025-02-05T06:11:55.162Z] <<< [apiv2][status] POST https://www.googleapis.com/oauth2/v3/token 200
[debug] [2025-02-05T06:11:55.162Z] <<< [apiv2][body] POST https://www.googleapis.com/oauth2/v3/token [omitted]
[debug] [2025-02-05T06:11:55.170Z] >>> [apiv2][query] GET https://firebase.googleapis.com/v1beta1/projects pageSize=100
[debug] [2025-02-05T06:11:56.113Z] <<< [apiv2][status] GET https://firebase.googleapis.com/v1beta1/projects 200
[debug] [2025-02-05T06:11:56.113Z] <<< [apiv2][body] GET https://firebase.googleapis.com/v1beta1/projects [omitted]
